Ganache CLI v6.12.2 (ganache-core: 2.13.2)

Available Accounts
==================
(0) 0x3f79c18a9fCB5006d0c0Aa14892De8ca78072E23 (10000000 ETH)
(1) 0x2C7ec516ba1C8850505d04BCC65e5863b430CCe6 (10000000 ETH)
(2) 0xb0cEF59d8B920c6000D155a1771769ECde920C9d (10000000 ETH)
(3) 0xb881fe5BaD64948942a0B1f6F6692D2eF405D259 (10000000 ETH)
(4) 0xcdF74304852C459A300eD0Ad12E0E027997A1188 (10000000 ETH)
(5) 0x52C9F809160D6B7E172f76e1874acf5A32ac2920 (10000000 ETH)
(6) 0x5A2497c2462a1a991Fd80A39c8C856A4Eb4eDE73 (10000000 ETH)
(7) 0x959f691C03D35d38A88B39d495082c450C0CF499 (10000000 ETH)
(8) 0x6f0da94AB88348dA45b558a4d6CE803Bb32D20BF (10000000 ETH)
(9) 0xDA6dc27E612531587afa4a27b210a33d83f407F7 (10000000 ETH)

Private Keys
==================
(0) 0xed7eb2ffdb571613d03c2b9866ebb1c26ce402e74c5df47d7da1303f9675d8da
(1) 0x197ae4a0c1832b56bdc48efa6b2c2bb91355a7bb6b0a1e43a1e87ad8dc1f2636
(2) 0xb3a7ad8bccb2c4867ab59a36bea11bf130a33f4a93ffdb06186ba4ce4d2d1456
(3) 0x1d09efa090a98cf2b4e13465d92561c3ff27dd07a430916e03b7f038ae3df8fc
(4) 0x497a50d48c8f4b1b8b10719aae97387bebdac371e6fd2dc8cb595b6033d911a3
(5) 0x52e02d9e7a2a977b87e558918c35bf92851ecfe2531ef015b4c197f3a629d8f2
(6) 0x7883faa75962e87ed9a542f8f673142fde8bb62d891e6af243d0a6bc388a64bf
(7) 0x0780df6b7dae8a8eb62be129307142838e84f6bbbb5a1b7388781816e0923315
(8) 0x5ecb83255ebbdf9a483e3de9a7941a46af2b49c97bd731c2eb488604bdda3007
(9) 0xdbd3e2f656e967340107df15aa986575ccbfaecc63608a6652380a4a451cfbf7

HD Wallet
==================
Mnemonic:      mercy stem weekend near online leader chicken fog minute universe fluid biology
Base HD Path:  m/44'/60'/0'/0/{account_index}

Gas Price
==================
20000000000

Gas Limit
==================
6721975

Call Gas Limit
==================
9007199254740991

Listening on 127.0.0.1:7545
